0 info it worked if it ends with ok
1 verbose cli [ 'C:\\Program Files\\nodejs\\node.exe',
1 verbose cli   'C:\\Program Files\\nodejs\\node_modules\\npm\\bin\\npm-cli.js',
1 verbose cli   'run',
1 verbose cli   'start' ]
2 info using npm@3.10.10
3 info using node@v6.10.3
4 verbose run-script [ 'prestart', 'start', 'poststart' ]
5 info lifecycle react-ui@0.1.0~prestart: react-ui@0.1.0
6 silly lifecycle react-ui@0.1.0~prestart: no script for prestart, continuing
7 info lifecycle react-ui@0.1.0~start: react-ui@0.1.0
8 verbose lifecycle react-ui@0.1.0~start: unsafe-perm in lifecycle true
9 verbose lifecycle react-ui@0.1.0~start: PATH: C:\Program Files\nodejs\node_modules\npm\bin\node-gyp-bin;D:\react\react-todo\node_modules\.bin;C:\Program Files (x86)\AMD APP\bin\x86_64;C:\Program Files (x86)\AMD APP\bin\x86;C:\Windows\system32;C:\Windows;C:\Windows\System32\Wbem;C:\Windows\System32\WindowsPowerShell\v1.0\;C:\Program Files (x86)\ATI Technologies\ATI.ACE\Core-Static;C:\Program Files\Microsoft SQL Server\110\Tools\Binn\;C:\Program Files (x86)\Windows Kits\8.1\Windows Performance Toolkit\;C:\Program Files (x86)\Common Files\Acronis\SnapAPI\;C:\Program Files (x86)\Heroku\bin;C:\Program Files (x86)\git\cmd;C:\Program Files (x86)\Skype\Phone\;C:\Program Files (x86)\Brackets\command;C:\Program Files (x86)\nodejs;C:\Users\Pavelmar\AppData\Roaming\npm;C:\Program Files\nodejs\;C:\hugo\bin;C:\Users\Pavelmar\AppData\Local\Programs\Python\Python35-32\Scripts\;C:\Users\Pavelmar\AppData\Local\Programs\Python\Python35-32\;C:\Users\Pavelmar\AppData\Roaming\npm
10 verbose lifecycle react-ui@0.1.0~start: CWD: D:\react\react-todo
11 silly lifecycle react-ui@0.1.0~start: Args: [ '/d /s /c', 'react-scripts start' ]
12 silly lifecycle react-ui@0.1.0~start: Returned: code: 1  signal: null
13 info lifecycle react-ui@0.1.0~start: Failed to exec start script
14 verbose stack Error: react-ui@0.1.0 start: `react-scripts start`
14 verbose stack Exit status 1
14 verbose stack     at EventEmitter.<anonymous> (C:\Program Files\nodejs\node_modules\npm\lib\utils\lifecycle.js:255:16)
14 verbose stack     at emitTwo (events.js:106:13)
14 verbose stack     at EventEmitter.emit (events.js:191:7)
14 verbose stack     at ChildProcess.<anonymous> (C:\Program Files\nodejs\node_modules\npm\lib\utils\spawn.js:40:14)
14 verbose stack     at emitTwo (events.js:106:13)
14 verbose stack     at ChildProcess.emit (events.js:191:7)
14 verbose stack     at maybeClose (internal/child_process.js:886:16)
14 verbose stack     at Process.ChildProcess._handle.onexit (internal/child_process.js:226:5)
15 verbose pkgid react-ui@0.1.0
16 verbose cwd D:\react\react-todo
17 error Windows_NT 6.1.7601
18 error argv "C:\\Program Files\\nodejs\\node.exe" "C:\\Program Files\\nodejs\\node_modules\\npm\\bin\\npm-cli.js" "run" "start"
19 error node v6.10.3
20 error npm  v3.10.10
21 error code ELIFECYCLE
22 error react-ui@0.1.0 start: `react-scripts start`
22 error Exit status 1
23 error Failed at the react-ui@0.1.0 start script 'react-scripts start'.
23 error Make sure you have the latest version of node.js and npm installed.
23 error If you do, this is most likely a problem with the react-ui package,
23 error not with npm itself.
23 error Tell the author that this fails on your system:
23 error     react-scripts start
23 error You can get information on how to open an issue for this project with:
23 error     npm bugs react-ui
23 error Or if that isn't available, you can get their info via:
23 error     npm owner ls react-ui
23 error There is likely additional logging output above.
24 verbose exit [ 1, true ]
